  Controller.cpp
C:\Users\elizd\OneDrive\Documents\CSE 687 - OOP\MapReduce\MapReduce\MapReduce\packages\gflags.2.0.1.0\build\native\include\gflags\gflags.h(160,15): warning C4251: 'google::CommandLineFlagInfo::name': class 'std::basic_string<char,std::char_traits<char>,std::allocator<char>>' needs to have dll-interface to be used by clients of struct 'google::CommandLineFlagInfo'
C:\Program Files\Microsoft Visual Studio\2022\Community\VC\Tools\MSVC\14.31.31103\include\xstring(4927): message : see declaration of 'std::basic_string<char,std::char_traits<char>,std::allocator<char>>'
C:\Users\elizd\OneDrive\Documents\CSE 687 - OOP\MapReduce\MapReduce\MapReduce\packages\gflags.2.0.1.0\build\native\include\gflags\gflags.h(161,15): warning C4251: 'google::CommandLineFlagInfo::type': class 'std::basic_string<char,std::char_traits<char>,std::allocator<char>>' needs to have dll-interface to be used by clients of struct 'google::CommandLineFlagInfo'
C:\Program Files\Microsoft Visual Studio\2022\Community\VC\Tools\MSVC\14.31.31103\include\xstring(4927): message : see declaration of 'std::basic_string<char,std::char_traits<char>,std::allocator<char>>'
C:\Users\elizd\OneDrive\Documents\CSE 687 - OOP\MapReduce\MapReduce\MapReduce\packages\gflags.2.0.1.0\build\native\include\gflags\gflags.h(162,15): warning C4251: 'google::CommandLineFlagInfo::description': class 'std::basic_string<char,std::char_traits<char>,std::allocator<char>>' needs to have dll-interface to be used by clients of struct 'google::CommandLineFlagInfo'
C:\Program Files\Microsoft Visual Studio\2022\Community\VC\Tools\MSVC\14.31.31103\include\xstring(4927): message : see declaration of 'std::basic_string<char,std::char_traits<char>,std::allocator<char>>'
C:\Users\elizd\OneDrive\Documents\CSE 687 - OOP\MapReduce\MapReduce\MapReduce\packages\gflags.2.0.1.0\build\native\include\gflags\gflags.h(163,15): warning C4251: 'google::CommandLineFlagInfo::current_value': class 'std::basic_string<char,std::char_traits<char>,std::allocator<char>>' needs to have dll-interface to be used by clients of struct 'google::CommandLineFlagInfo'
C:\Program Files\Microsoft Visual Studio\2022\Community\VC\Tools\MSVC\14.31.31103\include\xstring(4927): message : see declaration of 'std::basic_string<char,std::char_traits<char>,std::allocator<char>>'
C:\Users\elizd\OneDrive\Documents\CSE 687 - OOP\MapReduce\MapReduce\MapReduce\packages\gflags.2.0.1.0\build\native\include\gflags\gflags.h(164,15): warning C4251: 'google::CommandLineFlagInfo::default_value': class 'std::basic_string<char,std::char_traits<char>,std::allocator<char>>' needs to have dll-interface to be used by clients of struct 'google::CommandLineFlagInfo'
C:\Program Files\Microsoft Visual Studio\2022\Community\VC\Tools\MSVC\14.31.31103\include\xstring(4927): message : see declaration of 'std::basic_string<char,std::char_traits<char>,std::allocator<char>>'
C:\Users\elizd\OneDrive\Documents\CSE 687 - OOP\MapReduce\MapReduce\MapReduce\packages\gflags.2.0.1.0\build\native\include\gflags\gflags.h(165,15): warning C4251: 'google::CommandLineFlagInfo::filename': class 'std::basic_string<char,std::char_traits<char>,std::allocator<char>>' needs to have dll-interface to be used by clients of struct 'google::CommandLineFlagInfo'
C:\Program Files\Microsoft Visual Studio\2022\Community\VC\Tools\MSVC\14.31.31103\include\xstring(4927): message : see declaration of 'std::basic_string<char,std::char_traits<char>,std::allocator<char>>'
C:\Users\elizd\OneDrive\Documents\CSE 687 - OOP\MapReduce\MapReduce\MapReduce\packages\glog.0.3.3.0\build\native\include\glog\logging.h(1158,32): warning C4251: 'google::LogMessage::LogStream::streambuf_': class 'google::base_logging::LogStreamBuf' needs to have dll-interface to be used by clients of class 'google::LogMessage::LogStream'
C:\Users\elizd\OneDrive\Documents\CSE 687 - OOP\MapReduce\MapReduce\MapReduce\packages\glog.0.3.3.0\build\native\include\glog\logging.h(1088): message : see declaration of 'google::base_logging::LogStreamBuf'
C:\Users\elizd\OneDrive\Documents\CSE 687 - OOP\MapReduce\MapReduce\MapReduce\Controller\Controller.cpp(28,50): warning C4129: 'M': unrecognized character escape sequence
  ControllerCommunicator.cpp
C:\Users\elizd\OneDrive\Documents\CSE 687 - OOP\MapReduce\MapReduce\MapReduce\Controller\ControllerCommunicator.cpp(57,32): warning C4244: '=': conversion from 'SOCKET' to 'int', possible loss of data
C:\Users\elizd\OneDrive\Documents\CSE 687 - OOP\MapReduce\MapReduce\MapReduce\Controller\ControllerCommunicator.cpp(121,8): warning C4267: 'argument': conversion from 'size_t' to 'int', possible loss of data
  FileManagement.cpp
C:\Users\elizd\OneDrive\Documents\CSE 687 - OOP\MapReduce\MapReduce\MapReduce\packages\gflags.2.0.1.0\build\native\include\gflags\gflags.h(160,15): warning C4251: 'google::CommandLineFlagInfo::name': class 'std::basic_string<char,std::char_traits<char>,std::allocator<char>>' needs to have dll-interface to be used by clients of struct 'google::CommandLineFlagInfo'
C:\Program Files\Microsoft Visual Studio\2022\Community\VC\Tools\MSVC\14.31.31103\include\xstring(4927): message : see declaration of 'std::basic_string<char,std::char_traits<char>,std::allocator<char>>'
C:\Users\elizd\OneDrive\Documents\CSE 687 - OOP\MapReduce\MapReduce\MapReduce\packages\gflags.2.0.1.0\build\native\include\gflags\gflags.h(161,15): warning C4251: 'google::CommandLineFlagInfo::type': class 'std::basic_string<char,std::char_traits<char>,std::allocator<char>>' needs to have dll-interface to be used by clients of struct 'google::CommandLineFlagInfo'
C:\Program Files\Microsoft Visual Studio\2022\Community\VC\Tools\MSVC\14.31.31103\include\xstring(4927): message : see declaration of 'std::basic_string<char,std::char_traits<char>,std::allocator<char>>'
C:\Users\elizd\OneDrive\Documents\CSE 687 - OOP\MapReduce\MapReduce\MapReduce\packages\gflags.2.0.1.0\build\native\include\gflags\gflags.h(162,15): warning C4251: 'google::CommandLineFlagInfo::description': class 'std::basic_string<char,std::char_traits<char>,std::allocator<char>>' needs to have dll-interface to be used by clients of struct 'google::CommandLineFlagInfo'
C:\Program Files\Microsoft Visual Studio\2022\Community\VC\Tools\MSVC\14.31.31103\include\xstring(4927): message : see declaration of 'std::basic_string<char,std::char_traits<char>,std::allocator<char>>'
C:\Users\elizd\OneDrive\Documents\CSE 687 - OOP\MapReduce\MapReduce\MapReduce\packages\gflags.2.0.1.0\build\native\include\gflags\gflags.h(163,15): warning C4251: 'google::CommandLineFlagInfo::current_value': class 'std::basic_string<char,std::char_traits<char>,std::allocator<char>>' needs to have dll-interface to be used by clients of struct 'google::CommandLineFlagInfo'
C:\Program Files\Microsoft Visual Studio\2022\Community\VC\Tools\MSVC\14.31.31103\include\xstring(4927): message : see declaration of 'std::basic_string<char,std::char_traits<char>,std::allocator<char>>'
C:\Users\elizd\OneDrive\Documents\CSE 687 - OOP\MapReduce\MapReduce\MapReduce\packages\gflags.2.0.1.0\build\native\include\gflags\gflags.h(164,15): warning C4251: 'google::CommandLineFlagInfo::default_value': class 'std::basic_string<char,std::char_traits<char>,std::allocator<char>>' needs to have dll-interface to be used by clients of struct 'google::CommandLineFlagInfo'
C:\Program Files\Microsoft Visual Studio\2022\Community\VC\Tools\MSVC\14.31.31103\include\xstring(4927): message : see declaration of 'std::basic_string<char,std::char_traits<char>,std::allocator<char>>'
C:\Users\elizd\OneDrive\Documents\CSE 687 - OOP\MapReduce\MapReduce\MapReduce\packages\gflags.2.0.1.0\build\native\include\gflags\gflags.h(165,15): warning C4251: 'google::CommandLineFlagInfo::filename': class 'std::basic_string<char,std::char_traits<char>,std::allocator<char>>' needs to have dll-interface to be used by clients of struct 'google::CommandLineFlagInfo'
C:\Program Files\Microsoft Visual Studio\2022\Community\VC\Tools\MSVC\14.31.31103\include\xstring(4927): message : see declaration of 'std::basic_string<char,std::char_traits<char>,std::allocator<char>>'
C:\Users\elizd\OneDrive\Documents\CSE 687 - OOP\MapReduce\MapReduce\MapReduce\packages\glog.0.3.3.0\build\native\include\glog\logging.h(1158,32): warning C4251: 'google::LogMessage::LogStream::streambuf_': class 'google::base_logging::LogStreamBuf' needs to have dll-interface to be used by clients of class 'google::LogMessage::LogStream'
C:\Users\elizd\OneDrive\Documents\CSE 687 - OOP\MapReduce\MapReduce\MapReduce\packages\glog.0.3.3.0\build\native\include\glog\logging.h(1088): message : see declaration of 'google::base_logging::LogStreamBuf'
  MessageUtils.cpp
C:\Users\elizd\OneDrive\Documents\CSE 687 - OOP\MapReduce\MapReduce\MapReduce\Controller\MessageUtils.cpp(23,99): warning C4267: '=': conversion from 'size_t' to 'int', possible loss of data
  Generating Code...
  Controller.vcxproj -> C:\Users\elizd\OneDrive\Documents\CSE 687 - OOP\MapReduce\MapReduce\MapReduce\x64\Debug\Controller.exe
