  Stub.cpp
C:\Users\elizd\OneDrive\Documents\CSE 687 - OOP\MapReduce\MapReduce\MapReduce\Stub\StubCommunicator.h(15,10): warning C4067: unexpected tokens following preprocessor directive - expected a newline
C:\Users\elizd\OneDrive\Documents\CSE 687 - OOP\MapReduce\MapReduce\MapReduce\packages\gflags.2.0.1.0\build\native\include\gflags\gflags.h(160,15): warning C4251: 'google::CommandLineFlagInfo::name': class 'std::basic_string<char,std::char_traits<char>,std::allocator<char>>' needs to have dll-interface to be used by clients of struct 'google::CommandLineFlagInfo'
C:\Program Files\Microsoft Visual Studio\2022\Community\VC\Tools\MSVC\14.31.31103\include\xstring(4927): message : see declaration of 'std::basic_string<char,std::char_traits<char>,std::allocator<char>>'
C:\Users\elizd\OneDrive\Documents\CSE 687 - OOP\MapReduce\MapReduce\MapReduce\packages\gflags.2.0.1.0\build\native\include\gflags\gflags.h(161,15): warning C4251: 'google::CommandLineFlagInfo::type': class 'std::basic_string<char,std::char_traits<char>,std::allocator<char>>' needs to have dll-interface to be used by clients of struct 'google::CommandLineFlagInfo'
C:\Program Files\Microsoft Visual Studio\2022\Community\VC\Tools\MSVC\14.31.31103\include\xstring(4927): message : see declaration of 'std::basic_string<char,std::char_traits<char>,std::allocator<char>>'
C:\Users\elizd\OneDrive\Documents\CSE 687 - OOP\MapReduce\MapReduce\MapReduce\packages\gflags.2.0.1.0\build\native\include\gflags\gflags.h(162,15): warning C4251: 'google::CommandLineFlagInfo::description': class 'std::basic_string<char,std::char_traits<char>,std::allocator<char>>' needs to have dll-interface to be used by clients of struct 'google::CommandLineFlagInfo'
C:\Program Files\Microsoft Visual Studio\2022\Community\VC\Tools\MSVC\14.31.31103\include\xstring(4927): message : see declaration of 'std::basic_string<char,std::char_traits<char>,std::allocator<char>>'
C:\Users\elizd\OneDrive\Documents\CSE 687 - OOP\MapReduce\MapReduce\MapReduce\packages\gflags.2.0.1.0\build\native\include\gflags\gflags.h(163,15): warning C4251: 'google::CommandLineFlagInfo::current_value': class 'std::basic_string<char,std::char_traits<char>,std::allocator<char>>' needs to have dll-interface to be used by clients of struct 'google::CommandLineFlagInfo'
C:\Program Files\Microsoft Visual Studio\2022\Community\VC\Tools\MSVC\14.31.31103\include\xstring(4927): message : see declaration of 'std::basic_string<char,std::char_traits<char>,std::allocator<char>>'
C:\Users\elizd\OneDrive\Documents\CSE 687 - OOP\MapReduce\MapReduce\MapReduce\packages\gflags.2.0.1.0\build\native\include\gflags\gflags.h(164,15): warning C4251: 'google::CommandLineFlagInfo::default_value': class 'std::basic_string<char,std::char_traits<char>,std::allocator<char>>' needs to have dll-interface to be used by clients of struct 'google::CommandLineFlagInfo'
C:\Program Files\Microsoft Visual Studio\2022\Community\VC\Tools\MSVC\14.31.31103\include\xstring(4927): message : see declaration of 'std::basic_string<char,std::char_traits<char>,std::allocator<char>>'
C:\Users\elizd\OneDrive\Documents\CSE 687 - OOP\MapReduce\MapReduce\MapReduce\packages\gflags.2.0.1.0\build\native\include\gflags\gflags.h(165,15): warning C4251: 'google::CommandLineFlagInfo::filename': class 'std::basic_string<char,std::char_traits<char>,std::allocator<char>>' needs to have dll-interface to be used by clients of struct 'google::CommandLineFlagInfo'
C:\Program Files\Microsoft Visual Studio\2022\Community\VC\Tools\MSVC\14.31.31103\include\xstring(4927): message : see declaration of 'std::basic_string<char,std::char_traits<char>,std::allocator<char>>'
C:\Users\elizd\OneDrive\Documents\CSE 687 - OOP\MapReduce\MapReduce\MapReduce\packages\glog.0.3.3.0\build\native\include\glog\logging.h(1158,32): warning C4251: 'google::LogMessage::LogStream::streambuf_': class 'google::base_logging::LogStreamBuf' needs to have dll-interface to be used by clients of class 'google::LogMessage::LogStream'
C:\Users\elizd\OneDrive\Documents\CSE 687 - OOP\MapReduce\MapReduce\MapReduce\packages\glog.0.3.3.0\build\native\include\glog\logging.h(1088): message : see declaration of 'google::base_logging::LogStreamBuf'
C:\Users\elizd\OneDrive\Documents\CSE 687 - OOP\MapReduce\MapReduce\MapReduce\Stub\Stub.cpp(29,50): warning C4129: 'M': unrecognized character escape sequence
  StubCommunicator.cpp
C:\Users\elizd\OneDrive\Documents\CSE 687 - OOP\MapReduce\MapReduce\MapReduce\Stub\StubCommunicator.h(15,10): warning C4067: unexpected tokens following preprocessor directive - expected a newline
C:\Users\elizd\OneDrive\Documents\CSE 687 - OOP\MapReduce\MapReduce\MapReduce\MapReduce\Workflow.h(15,1): warning C4005: '_HAS_STD_BYTE': macro redefinition
C:\Program Files\Microsoft Visual Studio\2022\Community\VC\Tools\MSVC\14.31.31103\include\yvals_core.h(647): message : see previous definition of '_HAS_STD_BYTE'
  Generating code
  Previous IPDB and IOBJ mismatch, fall back to full compilation.
  All 1389 functions were compiled because no usable IPDB/IOBJ from previous compilation was found.
  Finished generating code
  Stub.vcxproj -> C:\Users\elizd\OneDrive\Documents\CSE 687 - OOP\MapReduce\MapReduce\MapReduce\x64\Release\Stub.exe
