c:\users\elizd\onedrive\documents\cse 687 - oop\mapreduce\mapreduce\mapreduce\mapreduce\x64\release\vc143.pdb
c:\users\elizd\onedrive\documents\cse 687 - oop\mapreduce\mapreduce\mapreduce\mapreduce\x64\release\workflow.obj
c:\users\elizd\onedrive\documents\cse 687 - oop\mapreduce\mapreduce\mapreduce\mapreduce\x64\release\sorter.obj
c:\users\elizd\onedrive\documents\cse 687 - oop\mapreduce\mapreduce\mapreduce\mapreduce\x64\release\reduce.obj
c:\users\elizd\onedrive\documents\cse 687 - oop\mapreduce\mapreduce\mapreduce\mapreduce\x64\release\map.obj
c:\users\elizd\onedrive\documents\cse 687 - oop\mapreduce\mapreduce\mapreduce\mapreduce\x64\release\filemanagement.obj
c:\users\elizd\onedrive\documents\cse 687 - oop\mapreduce\mapreduce\mapreduce\mapreduce\x64\release\executive.obj
c:\users\elizd\onedrive\documents\cse 687 - oop\mapreduce\mapreduce\mapreduce\mapreduce\x64\release\keyvalutils.obj
c:\users\elizd\onedrive\documents\cse 687 - oop\mapreduce\mapreduce\mapreduce\mapreduce\x64\release\concurrenthashmap.obj
c:\users\elizd\onedrive\documents\cse 687 - oop\mapreduce\mapreduce\mapreduce\x64\release\mapreduce.exe
c:\users\elizd\onedrive\documents\cse 687 - oop\mapreduce\mapreduce\mapreduce\mapreduce\x64\release\mapreduce.ipdb
c:\users\elizd\onedrive\documents\cse 687 - oop\mapreduce\mapreduce\mapreduce\x64\release\mapreduce.pdb
c:\users\elizd\onedrive\documents\cse 687 - oop\mapreduce\mapreduce\mapreduce\mapreduce\x64\release\mapreduce.iobj
c:\users\catro\downloads\elizabethcode\mapreduce\mapreduce\x64\release\glog.dll
c:\users\catro\downloads\elizabethcode\mapreduce\mapreduce\x64\release\gflags.dll
c:\users\dwuli\onedrive\egrad\edwulit projects\mapreduce\x64\release\glog.dll
c:\users\dwuli\onedrive\egrad\edwulit projects\mapreduce\x64\release\gflags.dll
c:\users\elizd\onedrive\documents\cse 687 - oop\mapreduce\mapreduce\mapreduce\x64\release\glog.dll
c:\users\elizd\onedrive\documents\cse 687 - oop\mapreduce\mapreduce\mapreduce\x64\release\gflags.dll
c:\users\clifguillaume\documents\object oriented projects\mapreduce\mapreduce\mapreduce\x64\release\mapreduce.ipdb
c:\users\clifguillaume\documents\object oriented projects\mapreduce\mapreduce\mapreduce\x64\release\mapreduce.iobj
c:\users\clifguillaume\documents\object oriented projects\mapreduce\mapreduce\mapreduce\x64\release\vc143.pdb
c:\users\clifguillaume\documents\object oriented projects\mapreduce\mapreduce\x64\release\mapreduce.pdb
c:\users\clifguillaume\documents\object oriented projects\mapreduce\mapreduce\x64\release\mapreduce.exe
c:\users\clifguillaume\documents\object oriented projects\mapreduce\mapreduce\mapreduce\x64\release\mapreduce.tlog\cl.command.1.tlog
c:\users\clifguillaume\documents\object oriented projects\mapreduce\mapreduce\mapreduce\x64\release\mapreduce.tlog\cl.read.1.tlog
c:\users\clifguillaume\documents\object oriented projects\mapreduce\mapreduce\mapreduce\x64\release\mapreduce.tlog\cl.write.1.tlog
c:\users\clifguillaume\documents\object oriented projects\mapreduce\mapreduce\mapreduce\x64\release\mapreduce.tlog\link.command.1.tlog
c:\users\clifguillaume\documents\object oriented projects\mapreduce\mapreduce\mapreduce\x64\release\mapreduce.tlog\link.read.1.tlog
c:\users\clifguillaume\documents\object oriented projects\mapreduce\mapreduce\mapreduce\x64\release\mapreduce.tlog\link.write.1.tlog
c:\users\clifguillaume\documents\object oriented projects\mapreduce\mapreduce\mapreduce\x64\release\mapreduce.tlog\mapreduce.write.1u.tlog
