  Executive.cpp
C:\Users\catro\Downloads\ElizabethCode\MapReduce\MapReduce\packages\glog.0.3.3.0\build\native\include\glog\logging.h(1158,32): warning C4251: 'google::LogMessage::LogStream::streambuf_': class 'google::base_logging::LogStreamBuf' needs to have dll-interface to be used by clients of class 'google::LogMessage::LogStream'
C:\Users\catro\Downloads\ElizabethCode\MapReduce\MapReduce\packages\glog.0.3.3.0\build\native\include\glog\logging.h(1088): message : see declaration of 'google::base_logging::LogStreamBuf'
  FileManagement.cpp
C:\Users\catro\Downloads\ElizabethCode\MapReduce\MapReduce\packages\glog.0.3.3.0\build\native\include\glog\logging.h(1158,32): warning C4251: 'google::LogMessage::LogStream::streambuf_': class 'google::base_logging::LogStreamBuf' needs to have dll-interface to be used by clients of class 'google::LogMessage::LogStream'
C:\Users\catro\Downloads\ElizabethCode\MapReduce\MapReduce\packages\glog.0.3.3.0\build\native\include\glog\logging.h(1088): message : see declaration of 'google::base_logging::LogStreamBuf'
  Map.cpp
C:\Users\catro\Downloads\ElizabethCode\MapReduce\MapReduce\packages\glog.0.3.3.0\build\native\include\glog\logging.h(1158,32): warning C4251: 'google::LogMessage::LogStream::streambuf_': class 'google::base_logging::LogStreamBuf' needs to have dll-interface to be used by clients of class 'google::LogMessage::LogStream'
C:\Users\catro\Downloads\ElizabethCode\MapReduce\MapReduce\packages\glog.0.3.3.0\build\native\include\glog\logging.h(1088): message : see declaration of 'google::base_logging::LogStreamBuf'
C:\Users\catro\Downloads\ElizabethCode\MapReduce\MapReduce\MapReduce\Map.cpp(173,29): warning C4267: 'initializing': conversion from 'size_t' to 'int', possible loss of data
C:\Users\catro\Downloads\ElizabethCode\MapReduce\MapReduce\MapReduce\Map.cpp(176,31): warning C4018: '<': signed/unsigned mismatch
C:\Users\catro\Downloads\ElizabethCode\MapReduce\MapReduce\MapReduce\Map.cpp(291,41): warning C4267: 'initializing': conversion from 'size_t' to 'int', possible loss of data
C:\Users\catro\Downloads\ElizabethCode\MapReduce\MapReduce\MapReduce\Map.cpp(294,54): warning C4267: 'initializing': conversion from 'size_t' to 'int', possible loss of data
  Reduce.cpp
C:\Users\catro\Downloads\ElizabethCode\MapReduce\MapReduce\packages\glog.0.3.3.0\build\native\include\glog\logging.h(1158,32): warning C4251: 'google::LogMessage::LogStream::streambuf_': class 'google::base_logging::LogStreamBuf' needs to have dll-interface to be used by clients of class 'google::LogMessage::LogStream'
C:\Users\catro\Downloads\ElizabethCode\MapReduce\MapReduce\packages\glog.0.3.3.0\build\native\include\glog\logging.h(1088): message : see declaration of 'google::base_logging::LogStreamBuf'
  Sorter.cpp
C:\Users\catro\Downloads\ElizabethCode\MapReduce\MapReduce\packages\glog.0.3.3.0\build\native\include\glog\logging.h(1158,32): warning C4251: 'google::LogMessage::LogStream::streambuf_': class 'google::base_logging::LogStreamBuf' needs to have dll-interface to be used by clients of class 'google::LogMessage::LogStream'
C:\Users\catro\Downloads\ElizabethCode\MapReduce\MapReduce\packages\glog.0.3.3.0\build\native\include\glog\logging.h(1088): message : see declaration of 'google::base_logging::LogStreamBuf'
  Workflow.cpp
C:\Users\catro\Downloads\ElizabethCode\MapReduce\MapReduce\packages\glog.0.3.3.0\build\native\include\glog\logging.h(1158,32): warning C4251: 'google::LogMessage::LogStream::streambuf_': class 'google::base_logging::LogStreamBuf' needs to have dll-interface to be used by clients of class 'google::LogMessage::LogStream'
C:\Users\catro\Downloads\ElizabethCode\MapReduce\MapReduce\packages\glog.0.3.3.0\build\native\include\glog\logging.h(1088): message : see declaration of 'google::base_logging::LogStreamBuf'
C:\Users\catro\Downloads\ElizabethCode\MapReduce\MapReduce\MapReduce\Workflow.cpp(256,35): warning C4267: '+=': conversion from 'size_t' to 'int', possible loss of data
  Generating code
  Previous IPDB not found, fall back to full compilation.
  All 1416 functions were compiled because no usable IPDB/IOBJ from previous compilation was found.
  Finished generating code
  MapReduce.vcxproj -> C:\Users\catro\Downloads\ElizabethCode\MapReduce\MapReduce\x64\Release\MapReduce.exe
