c:\users\clifguillaume\documents\object oriented projects\mapreduce\mapreduce\mapreduce\x64\debug\vc143.pdb
c:\users\clifguillaume\documents\object oriented projects\mapreduce\mapreduce\mapreduce\x64\debug\vc143.idb
c:\users\clifguillaume\documents\object oriented projects\mapreduce\mapreduce\mapreduce\x64\debug\workflow.obj
c:\users\clifguillaume\documents\object oriented projects\mapreduce\mapreduce\mapreduce\x64\debug\sorter.obj
c:\users\clifguillaume\documents\object oriented projects\mapreduce\mapreduce\mapreduce\x64\debug\reduce.obj
c:\users\clifguillaume\documents\object oriented projects\mapreduce\mapreduce\mapreduce\x64\debug\map.obj
c:\users\clifguillaume\documents\object oriented projects\mapreduce\mapreduce\mapreduce\x64\debug\filemanagement.obj
c:\users\clifguillaume\documents\object oriented projects\mapreduce\mapreduce\mapreduce\x64\debug\executive.obj
c:\users\clifguillaume\documents\object oriented projects\mapreduce\mapreduce\x64\debug\mapreduce.exe
c:\users\clifguillaume\documents\object oriented projects\mapreduce\mapreduce\mapreduce\x64\debug\mapreduce.ilk
c:\users\clifguillaume\documents\object oriented projects\mapreduce\mapreduce\x64\debug\mapreduce.pdb
c:\users\clifguillaume\documents\object oriented projects\mapreduce\mapreduce\x64\debug\glog.dll
c:\users\clifguillaume\documents\object oriented projects\mapreduce\mapreduce\x64\debug\gflags_debug.dll
c:\users\clifguillaume\documents\object oriented projects\mapreduce\mapreduce\mapreduce\x64\debug\mapreduce.tlog\cl.command.1.tlog
c:\users\clifguillaume\documents\object oriented projects\mapreduce\mapreduce\mapreduce\x64\debug\mapreduce.tlog\cl.read.1.tlog
c:\users\clifguillaume\documents\object oriented projects\mapreduce\mapreduce\mapreduce\x64\debug\mapreduce.tlog\cl.write.1.tlog
c:\users\clifguillaume\documents\object oriented projects\mapreduce\mapreduce\mapreduce\x64\debug\mapreduce.tlog\link.command.1.tlog
c:\users\clifguillaume\documents\object oriented projects\mapreduce\mapreduce\mapreduce\x64\debug\mapreduce.tlog\link.read.1.tlog
c:\users\clifguillaume\documents\object oriented projects\mapreduce\mapreduce\mapreduce\x64\debug\mapreduce.tlog\link.write.1.tlog
c:\users\clifguillaume\documents\object oriented projects\mapreduce\mapreduce\mapreduce\x64\debug\mapreduce.tlog\mapreduce.write.1u.tlog
