  StubCommunicator.cpp
C:\Users\elizd\OneDrive\Documents\CSE 687 - OOP\MapReduce\MapReduce\MapReduce\Stub\StubCommunicator.h(15,10): warning C4067: unexpected tokens following preprocessor directive - expected a newline
C:\Users\elizd\OneDrive\Documents\CSE 687 - OOP\MapReduce\MapReduce\MapReduce\MapReduce\Workflow.h(15,1): warning C4005: '_HAS_STD_BYTE': macro redefinition
C:\Program Files\Microsoft Visual Studio\2022\Community\VC\Tools\MSVC\14.31.31103\include\yvals_core.h(647): message : see previous definition of '_HAS_STD_BYTE'
C:\Users\elizd\OneDrive\Documents\CSE 687 - OOP\MapReduce\MapReduce\MapReduce\Stub\StubWorker.h(15,10): warning C4067: unexpected tokens following preprocessor directive - expected a newline
  Stub.cpp
C:\Users\elizd\OneDrive\Documents\CSE 687 - OOP\MapReduce\MapReduce\MapReduce\Stub\StubCommunicator.h(15,10): warning C4067: unexpected tokens following preprocessor directive - expected a newline
C:\Users\elizd\OneDrive\Documents\CSE 687 - OOP\MapReduce\MapReduce\MapReduce\Stub\StubWorker.h(15,10): warning C4067: unexpected tokens following preprocessor directive - expected a newline
C:\Users\elizd\OneDrive\Documents\CSE 687 - OOP\MapReduce\MapReduce\MapReduce\Stub\Stub.cpp(43,16): warning C4834: discarding return value of function with 'nodiscard' attribute
C:\Program Files\Microsoft Visual Studio\2022\Community\VC\Tools\MSVC\14.31.31103\include\thread(55,14): error C2672: 'invoke': no matching overloaded function found
C:\Program Files\Microsoft Visual Studio\2022\Community\VC\Tools\MSVC\14.31.31103\include\thread(61): message : see reference to function template instantiation 'unsigned int std::thread::_Invoke<_Tuple,0,1>(void *) noexcept' being compiled
          with
          [
              _Tuple=_Tuple
          ]
C:\Program Files\Microsoft Visual Studio\2022\Community\VC\Tools\MSVC\14.31.31103\include\thread(66): message : see reference to function template instantiation 'unsigned int (__cdecl *std::thread::_Get_invoke<_Tuple,0,1>(std::integer_sequence<size_t,0,1>) noexcept)(void *)' being compiled
C:\Program Files\Microsoft Visual Studio\2022\Community\VC\Tools\MSVC\14.31.31103\include\thread(89): message : see reference to function template instantiation 'void std::thread::_Start<_Ty,std::reference_wrapper<StubCommunicator>>(_Fn &&,std::reference_wrapper<StubCommunicator> &&)' being compiled
          with
          [
              _Ty=int,
              _Fn=int
          ]
C:\Users\elizd\OneDrive\Documents\CSE 687 - OOP\MapReduce\MapReduce\MapReduce\Stub\Stub.cpp(40): message : see reference to function template instantiation 'std::thread::thread<int,std::reference_wrapper<StubCommunicator>,0>(_Fn &&,std::reference_wrapper<StubCommunicator> &&)' being compiled
          with
          [
              _Fn=int
          ]
C:\Program Files\Microsoft Visual Studio\2022\Community\VC\Tools\MSVC\14.31.31103\include\thread(51,5): error C2893: Failed to specialize function template 'unknown-type std::invoke(_Callable &&,_Ty1 &&,_Types2 &&...) noexcept(<expr>)'
C:\Program Files\Microsoft Visual Studio\2022\Community\VC\Tools\MSVC\14.31.31103\include\type_traits(1484): message : see declaration of 'std::invoke'
C:\Program Files\Microsoft Visual Studio\2022\Community\VC\Tools\MSVC\14.31.31103\include\thread(51,5): message : With the following template arguments:
C:\Program Files\Microsoft Visual Studio\2022\Community\VC\Tools\MSVC\14.31.31103\include\thread(51,5): message : '_Callable=int'
C:\Program Files\Microsoft Visual Studio\2022\Community\VC\Tools\MSVC\14.31.31103\include\thread(51,5): message : '_Ty1=std::reference_wrapper<StubCommunicator>'
C:\Program Files\Microsoft Visual Studio\2022\Community\VC\Tools\MSVC\14.31.31103\include\thread(51,5): message : '_Types2={}'
C:\Program Files\Microsoft Visual Studio\2022\Community\VC\Tools\MSVC\14.31.31103\include\thread(51,5): error C2780: 'unknown-type std::invoke(_Callable &&) noexcept(<expr>)': expects 1 arguments - 2 provided
C:\Program Files\Microsoft Visual Studio\2022\Community\VC\Tools\MSVC\14.31.31103\include\type_traits(1478): message : see declaration of 'std::invoke'
  StubWorker.cpp
C:\Users\elizd\OneDrive\Documents\CSE 687 - OOP\MapReduce\MapReduce\MapReduce\Stub\StubWorker.h(15,10): warning C4067: unexpected tokens following preprocessor directive - expected a newline
C:\Users\elizd\OneDrive\Documents\CSE 687 - OOP\MapReduce\MapReduce\MapReduce\MapReduce\Workflow.h(15,1): warning C4005: '_HAS_STD_BYTE': macro redefinition
C:\Program Files\Microsoft Visual Studio\2022\Community\VC\Tools\MSVC\14.31.31103\include\yvals_core.h(647): message : see previous definition of '_HAS_STD_BYTE'
C:\Users\elizd\OneDrive\Documents\CSE 687 - OOP\MapReduce\MapReduce\MapReduce\Stub\StubWorker.cpp(17,10): warning C4067: unexpected tokens following preprocessor directive - expected a newline
C:\Users\elizd\OneDrive\Documents\CSE 687 - OOP\MapReduce\MapReduce\MapReduce\packages\boost.1.79.0\lib\native\include\boost\bind.hpp(41): message : The practice of declaring the Bind placeholders (_1, _2, ...) in the global namespace is deprecated. Please use <boost/bind/bind.hpp> + using namespace boost::placeholders, or define BOOST_BIND_GLOBAL_PLACEHOLDERS to retain the current behavior.
C:\Users\elizd\OneDrive\Documents\CSE 687 - OOP\MapReduce\MapReduce\MapReduce\Stub\StubWorker.cpp(25,1): error C2600: 'StubWorker::StubWorker': cannot define a compiler-generated special member function (must be declared in the class first)
C:\Users\elizd\OneDrive\Documents\CSE 687 - OOP\MapReduce\MapReduce\MapReduce\Stub\StubWorker.cpp(32,1): error C2600: 'StubWorker::~StubWorker': cannot define a compiler-generated special member function (must be declared in the class first)
  Generating Code...
